Arguments: 
  C:\Program Files\nodejs\node.exe C:\Users\Pradeepvarma_22\AppData\Roaming\npm\node_modules\yarn\bin\yarn.js init --y

PATH: 
  C:\Program Files\Common Files\Oracle\Java\javapath;C:\Windows\system32;C:\Windows;C:\Windows\System32\Wbem;C:\Windows\System32\WindowsPowerShell\v1.0\;C:\Windows\System32\OpenSSH\;C:\Program Files (x86)\NVIDIA Corporation\PhysX\Common;C:\Program Files\Git\cmd;C:\Program Files\NVIDIA Corporation\NVIDIA NvDLISR;C:\Program Files\MySQL\MySQL Server 5.5\bin;C:\Program Files\nodejs\;C:\Program Files (x86)\Vim\vim90;C:\Program Files\Meld\;C:\Users\Pradeepvarma_22\AppData\Local\Programs\Python\Python310\Scripts\;C:\Users\Pradeepvarma_22\AppData\Local\Programs\Python\Python310\;C:\Users\Pradeepvarma_22\AppData\Local\Microsoft\WindowsApps;C:\Users\Pradeepvarma_22\AppData\Local\Programs\Microsoft VS Code\bin;C:\Users\Pradeepvarma_22\AppData\Roaming\npm;C:\Users\Pradeepvarma_22\Downloads\temp_apache\db-derby-10.15.2.0-bin\db-derby-10.15.2.0-bin\bin;

Yarn version: 
  1.22.19

Node version: 
  16.17.0

Platform: 
  win32 x64

Trace: 
  Error: canceled
      at Interface.<anonymous> (C:\Users\Pradeepvarma_22\AppData\Roaming\npm\node_modules\yarn\lib\cli.js:137150:13)
      at Interface.emit (node:events:513:28)
      at Interface._ttyWrite (node:readline:1085:16)
      at ReadStream.onkeypress (node:readline:291:10)
      at ReadStream.emit (node:events:513:28)
      at emitKeys (node:internal/readline/utils:357:14)
      at emitKeys.next (<anonymous>)
      at ReadStream.onData (node:internal/readline/emitKeypressEvents:61:36)
      at ReadStream.emit (node:events:513:28)
      at addChunk (node:internal/streams/readable:315:12)

npm manifest: 
  No manifest

yarn manifest: 
  No manifest

Lockfile: 
  No lockfile
